# JRE version: Java(TM) SE Runtime Environment (8.0_192-b12) (build 1.8.0_192-b12)
# Java VM: Java HotSpot(TM) 64-Bit Server VM (25.192-b12 mixed mode windows-amd64 compressed oops)
Heap:
 PSYoungGen      total 1300992K, used 525565K [0x000000076b700000, 0x00000007c0000000, 0x00000007c0000000)
  eden space 1236992K, 42% used [0x000000076b700000,0x000000078b83f540,0x00000007b6f00000)
  from space 64000K, 0% used [0x00000007bc180000,0x00000007bc180000,0x00000007c0000000)
  to   space 74240K, 0% used [0x00000007b6f00000,0x00000007b6f00000,0x00000007bb780000)
 ParOldGen       total 512000K, used 277092K [0x00000006c2400000, 0x00000006e1800000, 0x000000076b700000)
  object space 512000K, 54% used [0x00000006c2400000,0x00000006d32991e0,0x00000006e1800000)
 Metaspace       used 31654K, capacity 32920K, committed 33024K, reserved 1077248K
  class space    used 4052K, capacity 4323K, committed 4352K, reserved 1048576K
GC Heap History (10 events):
Event: 26.374 GC heap before
{Heap before GC invocations=23 (full 2):
 PSYoungGen      total 930816K, used 920439K [0x000000076b700000, 0x00000007a7580000, 0x00000007c0000000)
  eden space 907776K, 100% used [0x000000076b700000,0x00000007a2d80000,0x00000007a2d80000)
  from space 23040K, 54% used [0x00000007a5f00000,0x00000007a6b5df60,0x00000007a7580000)
  to   space 36864K, 0% used [0x00000007a2d80000,0x00000007a2d80000,0x00000007a5180000)
 ParOldGen       total 284160K, used 199556K [0x00000006c2400000, 0x00000006d3980000, 0x000000076b700000)
  object space 284160K, 70% used [0x00000006c2400000,0x00000006ce6e12c0,0x00000006d3980000)
 Metaspace       used 31470K, capacity 32676K, committed 32768K, reserved 1077248K
  class space    used 4035K, capacity 4289K, committed 4352K, reserved 1048576K
Event: 26.391 GC heap after
Heap after GC invocations=23 (full 2):
 PSYoungGen      total 944640K, used 36769K [0x000000076b700000, 0x00000007b2b80000, 0x00000007c0000000)
  eden space 907776K, 0% used [0x000000076b700000,0x000000076b700000,0x00000007a2d80000)
  from space 36864K, 99% used [0x00000007a2d80000,0x00000007a5168400,0x00000007a5180000)
  to   space 42496K, 0% used [0x00000007b0200000,0x00000007b0200000,0x00000007b2b80000)
 ParOldGen       total 284160K, used 212124K [0x00000006c2400000, 0x00000006d3980000, 0x000000076b700000)
  object space 284160K, 74% used [0x00000006c2400000,0x00000006cf327178,0x00000006d3980000)
 Metaspace       used 31470K, capacity 32676K, committed 32768K, reserved 1077248K
  class space    used 4035K, capacity 4289K, committed 4352K, reserved 1048576K
}
Event: 27.897 GC heap before
{Heap before GC invocations=24 (full 2):
 PSYoungGen      total 944640K, used 944545K [0x000000076b700000, 0x00000007b2b80000, 0x00000007c0000000)
  eden space 907776K, 100% used [0x000000076b700000,0x00000007a2d80000,0x00000007a2d80000)
  from space 36864K, 99% used [0x00000007a2d80000,0x00000007a5168400,0x00000007a5180000)
  to   space 42496K, 0% used [0x00000007b0200000,0x00000007b0200000,0x00000007b2b80000)
 ParOldGen       total 284160K, used 212124K [0x00000006c2400000, 0x00000006d3980000, 0x000000076b700000)
  object space 284160K, 74% used [0x00000006c2400000,0x00000006cf327178,0x00000006d3980000)
 Metaspace       used 31476K, capacity 32676K, committed 32768K, reserved 1077248K
  class space    used 4035K, capacity 4289K, committed 4352K, reserved 1048576K
Event: 27.914 GC heap after
Heap after GC invocations=24 (full 2):
 PSYoungGen      total 1110528K, used 42481K [0x000000076b700000, 0x00000007b4c80000, 0x00000007c0000000)
  eden space 1068032K, 0% used [0x000000076b700000,0x000000076b700000,0x00000007aca00000)
  from space 42496K, 99% used [0x00000007b0200000,0x00000007b2b7c440,0x00000007b2b80000)
  to   space 57344K, 0% used [0x00000007aca00000,0x00000007aca00000,0x00000007b0200000)
 ParOldGen       total 284160K, used 235440K [0x00000006c2400000, 0x00000006d3980000, 0x000000076b700000)
  object space 284160K, 82% used [0x00000006c2400000,0x00000006d09ec0a8,0x00000006d3980000)
 Metaspace       used 31476K, capacity 32676K, committed 32768K, reserved 1077248K
  class space    used 4035K, capacity 4289K, committed 4352K, reserved 1048576K
}
Event: 30.671 GC heap before
{Heap before GC invocations=25 (full 2):
 PSYoungGen      total 1110528K, used 1110458K [0x000000076b700000, 0x00000007b4c80000, 0x00000007c0000000)
  eden space 1068032K, 99% used [0x000000076b700000,0x00000007ac9f23d0,0x00000007aca00000)
  from space 42496K, 99% used [0x00000007b0200000,0x00000007b2b7c440,0x00000007b2b80000)
  to   space 57344K, 0% used [0x00000007aca00000,0x00000007aca00000,0x00000007b0200000)
 ParOldGen       total 284160K, used 235440K [0x00000006c2400000, 0x00000006d3980000, 0x000000076b700000)
  object space 284160K, 82% used [0x00000006c2400000,0x00000006d09ec0a8,0x00000006d3980000)
 Metaspace       used 31542K, capacity 32812K, committed 33024K, reserved 1077248K
  class space    used 4036K, capacity 4289K, committed 4352K, reserved 1048576K
Event: 30.693 GC heap after
Heap after GC invocations=25 (full 2):
 PSYoungGen      total 1125376K, used 50474K [0x000000076b700000, 0x00000007c0000000, 0x00000007c0000000)
  eden space 1068032K, 0% used [0x000000076b700000,0x000000076b700000,0x00000007aca00000)
  from space 57344K, 88% used [0x00000007aca00000,0x00000007afb4a858,0x00000007b0200000)
  to   space 64000K, 0% used [0x00000007bc180000,0x00000007bc180000,0x00000007c0000000)
 ParOldGen       total 284160K, used 252318K [0x00000006c2400000, 0x00000006d3980000, 0x000000076b700000)
  object space 284160K, 88% used [0x00000006c2400000,0x00000006d1a67af0,0x00000006d3980000)
 Metaspace       used 31542K, capacity 32812K, committed 33024K, reserved 1077248K
  class space    used 4036K, capacity 4289K, committed 4352K, reserved 1048576K
}
Event: 32.850 GC heap before
{Heap before GC invocations=26 (full 2):
 PSYoungGen      total 1125376K, used 1118320K [0x000000076b700000, 0x00000007c0000000, 0x00000007c0000000)
  eden space 1068032K, 99% used [0x000000076b700000,0x00000007ac9d1a50,0x00000007aca00000)
  from space 57344K, 88% used [0x00000007aca00000,0x00000007afb4a858,0x00000007b0200000)
  to   space 64000K, 0% used [0x00000007bc180000,0x00000007bc180000,0x00000007c0000000)
 ParOldGen       total 284160K, used 252318K [0x00000006c2400000, 0x00000006d3980000, 0x000000076b700000)
  object space 284160K, 88% used [0x00000006c2400000,0x00000006d1a67af0,0x00000006d3980000)
 Metaspace       used 31543K, capacity 32812K, committed 33024K, reserved 1077248K
  class space    used 4036K, capacity 4289K, committed 4352K, reserved 1048576K
Event: 32.872 GC heap after
Heap after GC invocations=26 (full 2):
 PSYoungGen      total 1300992K, used 63952K [0x000000076b700000, 0x00000007c0000000, 0x00000007c0000000)
  eden space 1236992K, 0% used [0x000000076b700000,0x000000076b700000,0x00000007b6f00000)
  from space 64000K, 99% used [0x00000007bc180000,0x00000007bfff40d8,0x00000007c0000000)
  to   space 74240K, 0% used [0x00000007b6f00000,0x00000007b6f00000,0x00000007bb780000)
 ParOldGen       total 284160K, used 276000K [0x00000006c2400000, 0x00000006d3980000, 0x000000076b700000)
  object space 284160K, 97% used [0x00000006c2400000,0x00000006d31883b8,0x00000006d3980000)
 Metaspace       used 31543K, capacity 32812K, committed 33024K, reserved 1077248K
  class space    used 4036K, capacity 4289K, committed 4352K, reserved 1048576K
}
Event: 32.872 GC heap before
{Heap before GC invocations=27 (full 3):
 PSYoungGen      total 1300992K, used 63952K [0x000000076b700000, 0x00000007c0000000, 0x00000007c0000000)
  eden space 1236992K, 0% used [0x000000076b700000,0x000000076b700000,0x00000007b6f00000)
  from space 64000K, 99% used [0x00000007bc180000,0x00000007bfff40d8,0x00000007c0000000)
  to   space 74240K, 0% used [0x00000007b6f00000,0x00000007b6f00000,0x00000007bb780000)
 ParOldGen       total 284160K, used 276000K [0x00000006c2400000, 0x00000006d3980000, 0x000000076b700000)
  object space 284160K, 97% used [0x00000006c2400000,0x00000006d31883b8,0x00000006d3980000)
 Metaspace       used 31543K, capacity 32812K, committed 33024K, reserved 1077248K
  class space    used 4036K, capacity 4289K, committed 4352K, reserved 1048576K
Event: 33.037 GC heap after
Heap after GC invocations=27 (full 3):
 PSYoungGen      total 1300992K, used 0K [0x000000076b700000, 0x00000007c0000000, 0x00000007c0000000)
  eden space 1236992K, 0% used [0x000000076b700000,0x000000076b700000,0x00000007b6f00000)
  from space 64000K, 0% used [0x00000007bc180000,0x00000007bc180000,0x00000007c0000000)
  to   space 74240K, 0% used [0x00000007b6f00000,0x00000007b6f00000,0x00000007bb780000)
 ParOldGen       total 512000K, used 277092K [0x00000006c2400000, 0x00000006e1800000, 0x000000076b700000)
  object space 512000K, 54% used [0x00000006c2400000,0x00000006d32991e0,0x00000006e1800000)
 Metaspace       used 31543K, capacity 32812K, committed 33024K, reserved 1077248K
  class space    used 4036K, capacity 4289K, committed 4352K, reserved 1048576K
}

