# JRE version: Java(TM) SE Runtime Environment (8.0_192-b12) (build 1.8.0_192-b12)
# Java VM: Java HotSpot(TM) 64-Bit Server VM (25.192-b12 mixed mode windows-amd64 compressed oops)
Heap:
 PSYoungGen      total 546816K, used 122846K [0x000000076b700000, 0x0000000796c00000, 0x00000007c0000000)
  eden space 518144K, 19% used [0x000000076b700000,0x00000007718e8f80,0x000000078b100000)
  from space 28672K, 78% used [0x000000078b100000,0x000000078c70ebd8,0x000000078cd00000)
  to   space 31232K, 0% used [0x0000000794d80000,0x0000000794d80000,0x0000000796c00000)
 ParOldGen       total 288256K, used 120115K [0x00000006c2400000, 0x00000006d3d80000, 0x000000076b700000)
  object space 288256K, 41% used [0x00000006c2400000,0x00000006c994cf70,0x00000006d3d80000)
 Metaspace       used 31520K, capacity 32768K, committed 33024K, reserved 1077248K
  class space    used 4056K, capacity 4323K, committed 4352K, reserved 1048576K
GC Heap History (10 events):
Event: 10.632 GC heap before
{Heap before GC invocations=13 (full 2):
 PSYoungGen      total 322560K, used 23036K [0x000000076b700000, 0x0000000787a80000, 0x00000007c0000000)
  eden space 299520K, 0% used [0x000000076b700000,0x000000076b700000,0x000000077db80000)
  from space 23040K, 99% used [0x000000077db80000,0x000000077f1ff3c8,0x000000077f200000)
  to   space 30720K, 0% used [0x0000000785c80000,0x0000000785c80000,0x0000000787a80000)
 ParOldGen       total 153088K, used 124085K [0x00000006c2400000, 0x00000006cb980000, 0x000000076b700000)
  object space 153088K, 81% used [0x00000006c2400000,0x00000006c9d2d710,0x00000006cb980000)
 Metaspace       used 29595K, capacity 30680K, committed 30720K, reserved 1075200K
  class space    used 3800K, capacity 4079K, committed 4096K, reserved 1048576K
Event: 10.672 GC heap after
Heap after GC invocations=13 (full 2):
 PSYoungGen      total 322560K, used 0K [0x000000076b700000, 0x0000000787a80000, 0x00000007c0000000)
  eden space 299520K, 0% used [0x000000076b700000,0x000000076b700000,0x000000077db80000)
  from space 23040K, 0% used [0x000000077db80000,0x000000077db80000,0x000000077f200000)
  to   space 30720K, 0% used [0x0000000785c80000,0x0000000785c80000,0x0000000787a80000)
 ParOldGen       total 288256K, used 104506K [0x00000006c2400000, 0x00000006d3d80000, 0x000000076b700000)
  object space 288256K, 36% used [0x00000006c2400000,0x00000006c8a0e800,0x00000006d3d80000)
 Metaspace       used 29595K, capacity 30680K, committed 30720K, reserved 1075200K
  class space    used 3800K, capacity 4079K, committed 4096K, reserved 1048576K
}
Event: 12.574 GC heap before
{Heap before GC invocations=14 (full 2):
 PSYoungGen      total 322560K, used 299424K [0x000000076b700000, 0x0000000787a80000, 0x00000007c0000000)
  eden space 299520K, 99% used [0x000000076b700000,0x000000077db681a8,0x000000077db80000)
  from space 23040K, 0% used [0x000000077db80000,0x000000077db80000,0x000000077f200000)
  to   space 30720K, 0% used [0x0000000785c80000,0x0000000785c80000,0x0000000787a80000)
 ParOldGen       total 288256K, used 104506K [0x00000006c2400000, 0x00000006d3d80000, 0x000000076b700000)
  object space 288256K, 36% used [0x00000006c2400000,0x00000006c8a0e800,0x00000006d3d80000)
 Metaspace       used 30810K, capacity 31994K, committed 32256K, reserved 1077248K
  class space    used 4022K, capacity 4274K, committed 4352K, reserved 1048576K
Event: 12.578 GC heap after
Heap after GC invocations=14 (full 2):
 PSYoungGen      total 432128K, used 6933K [0x000000076b700000, 0x0000000787b00000, 0x00000007c0000000)
  eden space 401408K, 0% used [0x000000076b700000,0x000000076b700000,0x0000000783f00000)
  from space 30720K, 22% used [0x0000000785c80000,0x0000000786345630,0x0000000787a80000)
  to   space 30208K, 0% used [0x0000000783f00000,0x0000000783f00000,0x0000000785c80000)
 ParOldGen       total 288256K, used 104514K [0x00000006c2400000, 0x00000006d3d80000, 0x000000076b700000)
  object space 288256K, 36% used [0x00000006c2400000,0x00000006c8a10800,0x00000006d3d80000)
 Metaspace       used 30810K, capacity 31994K, committed 32256K, reserved 1077248K
  class space    used 4022K, capacity 4274K, committed 4352K, reserved 1048576K
}
Event: 16.613 GC heap before
{Heap before GC invocations=15 (full 2):
 PSYoungGen      total 432128K, used 408197K [0x000000076b700000, 0x0000000787b00000, 0x00000007c0000000)
  eden space 401408K, 99% used [0x000000076b700000,0x0000000783edc1b8,0x0000000783f00000)
  from space 30720K, 22% used [0x0000000785c80000,0x0000000786345630,0x0000000787a80000)
  to   space 30208K, 0% used [0x0000000783f00000,0x0000000783f00000,0x0000000785c80000)
 ParOldGen       total 288256K, used 104514K [0x00000006c2400000, 0x00000006d3d80000, 0x000000076b700000)
  object space 288256K, 36% used [0x00000006c2400000,0x00000006c8a10800,0x00000006d3d80000)
 Metaspace       used 30916K, capacity 32122K, committed 32256K, reserved 1077248K
  class space    used 4024K, capacity 4274K, committed 4352K, reserved 1048576K
Event: 16.619 GC heap after
Heap after GC invocations=15 (full 2):
 PSYoungGen      total 431616K, used 8016K [0x000000076b700000, 0x000000078f100000, 0x00000007c0000000)
  eden space 401408K, 0% used [0x000000076b700000,0x000000076b700000,0x0000000783f00000)
  from space 30208K, 26% used [0x0000000783f00000,0x00000007846d40f0,0x0000000785c80000)
  to   space 29696K, 0% used [0x000000078d400000,0x000000078d400000,0x000000078f100000)
 ParOldGen       total 288256K, used 109946K [0x00000006c2400000, 0x00000006d3d80000, 0x000000076b700000)
  object space 288256K, 38% used [0x00000006c2400000,0x00000006c8f5ea30,0x00000006d3d80000)
 Metaspace       used 30916K, capacity 32122K, committed 32256K, reserved 1077248K
  class space    used 4024K, capacity 4274K, committed 4352K, reserved 1048576K
}
Event: 18.287 GC heap before
{Heap before GC invocations=16 (full 2):
 PSYoungGen      total 431616K, used 409415K [0x000000076b700000, 0x000000078f100000, 0x00000007c0000000)
  eden space 401408K, 99% used [0x000000076b700000,0x0000000783efdce8,0x0000000783f00000)
  from space 30208K, 26% used [0x0000000783f00000,0x00000007846d40f0,0x0000000785c80000)
  to   space 29696K, 0% used [0x000000078d400000,0x000000078d400000,0x000000078f100000)
 ParOldGen       total 288256K, used 109946K [0x00000006c2400000, 0x00000006d3d80000, 0x000000076b700000)
  object space 288256K, 38% used [0x00000006c2400000,0x00000006c8f5ea30,0x00000006d3d80000)
 Metaspace       used 31247K, capacity 32468K, committed 32768K, reserved 1077248K
  class space    used 4033K, capacity 4289K, committed 4352K, reserved 1048576K
Event: 18.296 GC heap after
Heap after GC invocations=16 (full 2):
 PSYoungGen      total 539648K, used 6795K [0x000000076b700000, 0x000000078e900000, 0x00000007c0000000)
  eden space 518144K, 0% used [0x000000076b700000,0x000000076b700000,0x000000078b100000)
  from space 21504K, 31% used [0x000000078d400000,0x000000078daa2f88,0x000000078e900000)
  to   space 28672K, 0% used [0x000000078b100000,0x000000078b100000,0x000000078cd00000)
 ParOldGen       total 288256K, used 115618K [0x00000006c2400000, 0x00000006d3d80000, 0x000000076b700000)
  object space 288256K, 40% used [0x00000006c2400000,0x00000006c94e88d8,0x00000006d3d80000)
 Metaspace       used 31247K, capacity 32468K, committed 32768K, reserved 1077248K
  class space    used 4033K, capacity 4289K, committed 4352K, reserved 1048576K
}
Event: 70.195 GC heap before
{Heap before GC invocations=17 (full 2):
 PSYoungGen      total 539648K, used 524939K [0x000000076b700000, 0x000000078e900000, 0x00000007c0000000)
  eden space 518144K, 100% used [0x000000076b700000,0x000000078b100000,0x000000078b100000)
  from space 21504K, 31% used [0x000000078d400000,0x000000078daa2f88,0x000000078e900000)
  to   space 28672K, 0% used [0x000000078b100000,0x000000078b100000,0x000000078cd00000)
 ParOldGen       total 288256K, used 115618K [0x00000006c2400000, 0x00000006d3d80000, 0x000000076b700000)
  object space 288256K, 40% used [0x00000006c2400000,0x00000006c94e88d8,0x00000006d3d80000)
 Metaspace       used 31402K, capacity 32596K, committed 32768K, reserved 1077248K
  class space    used 4039K, capacity 4289K, committed 4352K, reserved 1048576K
Event: 70.202 GC heap after
Heap after GC invocations=17 (full 2):
 PSYoungGen      total 546816K, used 22586K [0x000000076b700000, 0x0000000796c00000, 0x00000007c0000000)
  eden space 518144K, 0% used [0x000000076b700000,0x000000076b700000,0x000000078b100000)
  from space 28672K, 78% used [0x000000078b100000,0x000000078c70ebd8,0x000000078cd00000)
  to   space 31232K, 0% used [0x0000000794d80000,0x0000000794d80000,0x0000000796c00000)
 ParOldGen       total 288256K, used 120115K [0x00000006c2400000, 0x00000006d3d80000, 0x000000076b700000)
  object space 288256K, 41% used [0x00000006c2400000,0x00000006c994cf70,0x00000006d3d80000)
 Metaspace       used 31402K, capacity 32596K, committed 32768K, reserved 1077248K
  class space    used 4039K, capacity 4289K, committed 4352K, reserved 1048576K
}

